#-----------------------------------------------------------
# Vivado v2019.2 (64-bit)
# SW Build 2708876 on Wed Nov  6 21:40:23 MST 2019
# IP Build 2700528 on Thu Nov  7 00:09:20 MST 2019
# Start of session at: Mon Jul 29 14:49:37 2024
# Process ID: 31484
# Current directory: C:/Users/osaru/Documents/pong
# Command line: vivado.exe -gui_launcher_event rodinguilauncherevent36492 C:\Users\osaru\Documents\pong\pong.xpr
# Log file: C:/Users/osaru/Documents/pong/vivado.log
# Journal file: C:/Users/osaru/Documents/pong\vivado.jou
#-----------------------------------------------------------
start_gui
open_project C:/Users/osaru/Documents/pong/pong.xpr
Scanning sources...
Finished scanning sources
INFO: [IP_Flow 19-234] Refreshing IP repositories
INFO: [IP_Flow 19-1704] No user IP repositories specified
INFO: [IP_Flow 19-2313] Loaded Vivado IP repository 'C:/Xilinx/Vivado/2019.2/data/ip'.
open_project: Time (s): cpu = 00:00:32 ; elapsed = 00:00:34 . Memory (MB): peak = 923.492 ; gain = 293.594
update_compile_order -fileset sources_1
exit
INFO: [Common 17-206] Exiting Vivado at Mon Jul 29 14:54:14 2024...
