1722531204.283855: 1421804-14cafd560640: cdpl_log.c:221: in cdpl_log_open(): debug: @@start_of_log@@
1722531204.283887: 1421804-14cafd560640: cdpl_log.c:729: in cdpl_log_dump_sysinfo(): info: time: 2024/08/01 17:53:24 BST +0100
1722531204.283893: 1421804-14cafd560640: cdpl_log.c:731: in cdpl_log_dump_sysinfo(): info: version: O_2018.06_SP2_PROD_CDPL 
1722531204.283898: 1421804-14cafd560640: cdpl_log.c:736: in cdpl_log_dump_sysinfo(): info: system: Linux 5.8.15-301.fc33.x86_64 #1 SMP Thu Oct 15 16:58:06 UTC 2020
1722531204.283902: 1421804-14cafd560640: cdpl_log.c:740: in cdpl_log_dump_sysinfo(): info: processor: x86_64 64-bits
1722531204.283905: 1421804-14cafd560640: cdpl_log.c:742: in cdpl_log_dump_sysinfo(): info: hostname: rs12
1722531204.283909: 1421804-14cafd560640: cdpl_log.c:223: in cdpl_log_open(): debug: path: /work/aigbe/syn/q6chip/syn/runs1/brcm3_test_240725/PC_project/log/FM_WORK4/.cdpl/master.rs12.1421804.log
1722531204.283912: 1421804-14cafd560640: cdpl_log.c:224: in cdpl_log_open(): debug: dir: /work/aigbe/syn/q6chip/syn/runs1/brcm3_test_240725/PC_project/log/FM_WORK4/.cdpl
1722531204.283945: 1421804-14cafd560640: cdpl_server.c:520: in cdpl_sv_init(): info: new server S1014785653
1722531204.283961: 1421804-14cafd560640: cdpl_ipc.c:2765: in cdpl_ipc_init(): info: using IPv4 protocol
1722531204.285100: 1421804-14cafd560640: cdpl_server.c:647: in cdpl_sv_new_master(): info: new master M1
1722531204.285114: 1421804-14cafd560640: cdpl_compat_master.c:2163: in cdplInitMaster(): info: bcast dir is `/work/aigbe/syn/q6chip/syn/runs1/brcm3_test_240725/PC_project/log/FM_WORK4/.cdpl'
1722531204.285725: 1421804-14cafd560640: cdpl_server.c:4329: in cdpl_sv_ctl_master(): info: unaccountable worker timeout set to 300
1722531204.285745: 1421804-14cafd560640: cdpl_farm.c:1621: in cdpl_farm_new_sh(): info: creating SH farm on localhost
1722531204.285751: 1421804-14cafd560640: cdpl_farm.c:2604: in cdpl_farm_setcap(): debug: setting farm capacity to 1
1722531204.285757: 1421804-14cafd560640: cdpl_compat_master.c:281: in _set_farm_env(): info: exporting CDPL_LOGDIR as `/work/aigbe/syn/q6chip/syn/runs1/brcm3_test_240725/PC_project/log/FM_WORK4/.cdpl'
1722531204.285762: 1421804-14cafd560640: cdpl_compat_master.c:301: in _set_farm_env(): info: exporting SNPSLMD_LICENSE_FILE as `27000@uklic:27031@synopsys-1-hwlicense.pcsg.nokia.net'
1722531204.285767: 1421804-14cafd560640: cdpl_compat_master.c:328: in _set_farm_env(): info: exporting DISPLAY as `localhost:11.0'
1722531204.285777: 1421804-14cafd560640: cdpl_server.c:2432: in cdpl_sv_start(): debug: starting server
1722531204.285782: 1421804-14cafd560640: cdpl_ipc.c:2907: in cdpl_ipc_start(): debug: starting IPC server 172.22.1.112:41309
1722531204.286075: 1421804-14cafd560640: cdpl_server.c:723: in cdpl_sv_new_job(): info: new job J1 in M1
1722531204.286086: 1421804-14cafd560640: cdpl_compat_master.c:1350: in _add_worker(): info: new worker type 3, min:1, max:1, cmd:`/shared/hwmisc/apps/synopsys/fm/2018.06-SP2-VAL-181012//linux64/fm/bin/fm_e1_exec -binpath /shared/hwmisc/apps/synopsys/fm/2018.06-SP2-VAL-181012/ -parallel'
1722531204.286091: 1421804-14cafd560640: cdpl_server.c:850: in cdpl_sv_new_bin_withfarm(): info: new bin B1 in J1
1722531204.286099: 1421804-14cafd560640: cdpl_server.c:2486: in cdpl_sv_start_job(): info: starting job J1
1722531204.286107: 1421804-14caef019640: cdpl_server_ipc.c:1059: in _sv_ipc_thread(): debug: ready
1722531204.286132: 1421804-14cafd560640: cdpl_server.c:61: in _sv_start_bin(): debug: starting bin B1 (min: 0, max: 1)
1722531204.286206: 1421804-14cafd560640: cdpl_server.c:1617: in _sv_gen_task(): info: new task T0 in B1 (prio 0)
1722531204.286211: 1421804-14cafd560640: cdpl_compat_master.c:2958: in cdplScheduleTasks(): debug: scheduling tasks
1722531204.286217: 1421804-14cafd560640: cdpl_server.c:1038: in cdpl_sv_schedule_all_tasks(): debug: scheduling all tasks
1722531204.286220: 1421804-14caeee18640: cdpl_server_sched.c:1910: in _sv_scheduler_thread(): debug: scheduler for bin B1 started
1722531204.286236: 1421804-14caeee18640: cdpl_server_sched.c:1877: in _scheduler_run(): debug: will start a new worker
1722531204.286273: 1421804-14caeee18640: cdpl_farm.c:2364: in cdpl_farm_submit(): debug: 1 running processes
1722531204.286278: 1421804-14caeee18640: cdpl_farm.c:2378: in cdpl_farm_submit(): debug: new command C1
1722531204.286393: 1421804-14caeee18640: cdpl_server_sched.c:478: in _sv_launch_worker(): info: started worker W1 (as C1) in bin B1
1722531204.286450: 1421804-14caeec17640: cdpl_farm.c:1285: in _schedule(): debug: started
1722531204.286469: 1421804-14caeec17640: cdpl_farm.c:1407: in _schedule(): debug: submitting command C1
1722531204.286487: 1421804-14caeec17640: cdpl_sh.c:40: in cdpl_sh_submit(): info: SH : /shared/hwmisc/apps/synopsys/fm/2018.06-SP2-VAL-181012//linux64/fm/bin/fm_e1_exec -binpath /shared/hwmisc/apps/synopsys/fm/2018.06-SP2-VAL-181012/ -parallel
1722531204.289387: 1421804-14caeec17640: cdpl_farm.c:1420: in _schedule(): debug: C1 running on slot 0
1722531204.289433: 1421804-14caeec17640: cdpl_farm.c:1305: in _schedule(): debug: idle
1722531204.471091: 1421804-14caef21a640: cdpl_ipc.c:1491: in _epoll_accept(): debug: new connection from `172.22.1.112:36900'
1722531204.471159: 1421804-14caef019640: cdpl_server_ipc.c:1102: in _sv_ipc_thread(): debug: received ACCEPT notification
1722531204.471180: 1421804-14caef019640: cdpl_ipc.c:1990: in cdpl_ipc_host_accept(): debug: accepted host `172.22.1.112:36900'
1722531204.471291: 1421804-14caef019640: cdpl_server_ipc.c:1123: in _sv_ipc_thread(): debug: received HELLO message
1722531204.471297: 1421804-14caef019640: cdpl_server_ipc.c:373: in _sv_on_hello(): debug: looking up W1
1722531204.471309: 1421804-14caef019640: cdpl_server_ipc.c:483: in _sv_on_hello(): info: W1 is `172.22.1.112:36900'
1722531204.471313: 1421804-14caef019640: cdpl_server_ipc.c:484: in _sv_on_hello(): debug: hello W1 (B1)
1722531204.471316: 1421804-14caef019640: cdpl_server_ipc.c:485: in _sv_on_hello(): info: W1 log file is /work/aigbe/syn/q6chip/syn/runs1/brcm3_test_240725/PC_project/log/FM_WORK4/.cdpl/worker.W1.rs12.1421822.log
1722531204.471340: 1421804-14caef019640: cdpl_server_ipc.c:513: in _sv_on_hello(): debug: up to 1 alive workers in B1
1722531204.471361: 1421804-14caeee18640: cdpl_server_sched.c:709: in _assign(): info: assigning task T0 to worker W1
1722531204.471610: 1421804-14caef019640: cdpl_server_ipc.c:1128: in _sv_ipc_thread(): debug: received FINISH message
1722531204.471616: 1421804-14caef019640: cdpl_server_ipc.c:873: in _sv_on_finish(): info: worker W1 completed task T0
1722531204.471620: 1421804-14caef019640: cdpl_server_ipc.c:880: in _sv_on_finish(): info: stat T0: utime=45 stime=12
1722531204.471625: 1421804-14caef019640: cdpl_server_ipc.c:888: in _sv_on_finish(): info: statm T0: vsize=275076 rss=28988 shared=22728 text=30732 data=14012
1722531204.474644: 1421804-14cafd560640: cdpl_server.c:1617: in _sv_gen_task(): info: new task T1 in B1 (prio 0)
1722531204.474654: 1421804-14cafd560640: cdpl_compat_master.c:2958: in cdplScheduleTasks(): debug: scheduling tasks
1722531204.474659: 1421804-14cafd560640: cdpl_server.c:1038: in cdpl_sv_schedule_all_tasks(): debug: scheduling all tasks
1722531204.474677: 1421804-14caeee18640: cdpl_server_sched.c:709: in _assign(): info: assigning task T1 to worker W1
1722531204.475039: 1421804-14caef019640: cdpl_server_ipc.c:1128: in _sv_ipc_thread(): debug: received FINISH message
1722531204.475057: 1421804-14caef019640: cdpl_server_ipc.c:873: in _sv_on_finish(): info: worker W1 completed task T1
1722531204.475063: 1421804-14caef019640: cdpl_server_ipc.c:880: in _sv_on_finish(): info: stat T1: utime=0 stime=0
1722531204.475069: 1421804-14caef019640: cdpl_server_ipc.c:888: in _sv_on_finish(): info: statm T1: vsize=275076 rss=28988 shared=22728 text=30732 data=14012
1722531204.479815: 1421804-14cafd560640: cdpl_server.c:216: in _sv_free_task_safe(): debug: freeing task T1
1722531204.589554: 1421804-14caeec17640: cdpl_farm.c:1338: in _schedule(): debug: waking up
1722531204.589584: 1421804-14caeec17640: cdpl_farm.c:596: in _onexit(): debug: C1 exited normally on slot 0
1722531204.589590: 1421804-14caeec17640: cdpl_farm.c:438: in _release_cmd(): debug: freeing command C1
1722531204.589608: 1421804-14caeec17640: cdpl_farm.c:1305: in _schedule(): debug: idle
1722531204.743877: 1421804-14cafd560640: cdpl_server.c:2271: in cdpl_sv_halt_job_errno(): info: stopping job J1
1722531204.743885: 1421804-14cafd560640: cdpl_server.c:2293: in cdpl_sv_halt_job_errno(): debug: signal bin B1 scheduler to stop
1722531204.743946: 1421804-14caeee18640: cdpl_server_sched.c:1912: in _sv_scheduler_thread(): debug: scheduler for bin B1 stopped
1722531204.743974: 1421804-14caeee18640: cdpl_ipc.c:1286: in _host_drop__UNSAFE(): debug: dropping host `172.22.1.112:36900'
1722531204.744041: 1421804-14caeee18640: cdpl_server_sched.c:2213: in _sv_drop_worker(): debug: down to 0 alive workers in B1
1722531204.744048: 1421804-14caeee18640: cdpl_farm.c:2491: in cdpl_farm_dismiss(): debug: down to 0 running processes
1722531204.744053: 1421804-14caef019640: cdpl_server_ipc.c:1113: in _sv_ipc_thread(): debug: received DROP notification
1722531204.744084: 1421804-14caeee18640: cdpl_server_sched.c:103: in _free_worker_2(): debug: freeing worker W1
1722531204.744089: 1421804-14caeee18640: cdpl_ipc.c:2008: in cdpl_ipc_host_release(): debug: releasing host `172.22.1.112:36900'
1722531204.744110: 1421804-14cafd560640: cdpl_server.c:2260: in cdpl_sv_halt_job_errno(): info: killing job J1
1722531204.744115: 1421804-14cafd560640: cdpl_server.c:279: in _sv_free_job(): info: freeing job J1
1722531204.744116: 1421804-14cafd560640: cdpl_server.c:89: in _sv_free_bin(): debug: freeing bin B1
1722531204.744127: 1421804-14cafd560640: cdpl_server.c:178: in _sv_free_task(): debug: freeing task T0
1722531206.564211: 1421804-14cafd560640: cdpl_farm.c:1727: in cdpl_farm_free(): info: freeing farm
1722531206.564298: 1421804-14caeec17640: cdpl_farm.c:1338: in _schedule(): debug: waking up
1722531206.564316: 1421804-14caeec17640: cdpl_farm.c:1342: in _schedule(): debug: dying
1722531206.564384: 1421804-14cafd560640: cdpl_farm.c:461: in _killall(): debug: killing all remaining commands
1722531206.564394: 1421804-14cafd560640: cdpl_server.c:2381: in cdpl_sv_free(): info: freeing server S1014785653
1722531206.564399: 1421804-14cafd560640: cdpl_server.c:2346: in cdpl_sv_kill_errno(): info: killing server
1722531206.564403: 1421804-14cafd560640: cdpl_ipc.c:2952: in cdpl_ipc_kill(): debug: stopping event server
1722531206.564478: 1421804-14caef21a640: cdpl_ipc.c:1947: in _epoll_main(): debug: server going down...
1722531206.564508: 1421804-14caef019640: cdpl_server_ipc.c:1077: in _sv_ipc_thread(): debug: leaving now
1722531206.564538: 1421804-14cafd560640: cdpl_server.c:312: in _sv_free_master(): info: freeing master M1
1722531206.564545: 1421804-14cafd560640: cdpl_hash.c:64: in cdpl_h_destroy(): debug: put operations: 1
1722531206.564549: 1421804-14cafd560640: cdpl_hash.c:65: in cdpl_h_destroy(): debug: put collisions: 0
1722531206.564553: 1421804-14cafd560640: cdpl_hash.c:66: in cdpl_h_destroy(): debug: get operations: 0
1722531206.564556: 1421804-14cafd560640: cdpl_hash.c:67: in cdpl_h_destroy(): debug: get iterations: 0
1722531206.564572: 1421804-14cafd560640: cdpl_monitor.c:1328: in cdpl_mn_free(): debug: freeing monitor server
1722531206.564577: 1421804-14cafd560640: cdpl_ipc.c:3003: in cdpl_ipc_free(): debug: releasing IPC handle
1722531206.564581: 1421804-14cafd560640: cdpl_ipc.c:1211: in _host_free__UNSAFE(): debug: freeing host `172.22.1.112:36900'
1722531206.564585: 1421804-14cafd560640: cdpl_ipc.c:1253: in _host_free__UNSAFE(): debug: [0 outq, 0 spR, 0 spW]
1722531206.564604: 1421804-14cafd560640: cdpl_ipc.c:3042: in cdpl_ipc_free(): debug: done
1722531206.564610: 1421804-14cafd560640: cdpl_log.c:359: in cdpl_log_close(): debug: @@end_of_log@@
